# JRE version: OpenJDK Runtime Environment (11.0.2+2) (build 11.0.0.2+2-2)
# Java VM: OpenJDK 64-Bit Server VM (11.0.0.2+2-2, mixed mode, tiered, compressed oops, g1 gc, windows-amd64)
Heap:
 garbage-first heap   total 8192K, used 2415K [0x0000000708400000, 0x0000000800000000)
  region size 1024K, 2 young (2048K), 1 survivors (1024K)
 Metaspace       used 13070K, capacity 13317K, committed 13568K, reserved 1062912K
  class space    used 1409K, capacity 1508K, committed 1536K, reserved 1048576K
GC Heap History (8 events):
Event: 0.231 GC heap before
{Heap before GC invocations=0 (full 0):
 garbage-first heap   total 8192K, used 2048K [0x0000000708400000, 0x0000000800000000)
  region size 1024K, 3 young (3072K), 0 survivors (0K)
 Metaspace       used 7751K, capacity 7925K, committed 8064K, reserved 1056768K
  class space    used 769K, capacity 837K, committed 896K, reserved 1048576K
}
Event: 0.235 GC heap after
{Heap after GC invocations=1 (full 0):
 garbage-first heap   total 8192K, used 1337K [0x0000000708400000, 0x0000000800000000)
  region size 1024K, 1 young (1024K), 1 survivors (1024K)
 Metaspace       used 7751K, capacity 7925K, committed 8064K, reserved 1056768K
  class space    used 769K, capacity 837K, committed 896K, reserved 1048576K
}
Event: 0.382 GC heap before
{Heap before GC invocations=1 (full 0):
 garbage-first heap   total 8192K, used 2361K [0x0000000708400000, 0x0000000800000000)
  region size 1024K, 2 young (2048K), 1 survivors (1024K)
 Metaspace       used 9509K, capacity 9640K, committed 9856K, reserved 1058816K
  class space    used 1010K, capacity 1068K, committed 1152K, reserved 1048576K
}
Event: 0.385 GC heap after
{Heap after GC invocations=2 (full 0):
 garbage-first heap   total 8192K, used 1808K [0x0000000708400000, 0x0000000800000000)
  region size 1024K, 1 young (1024K), 1 survivors (1024K)
 Metaspace       used 9509K, capacity 9640K, committed 9856K, reserved 1058816K
  class space    used 1010K, capacity 1068K, committed 1152K, reserved 1048576K
}
Event: 3.466 GC heap before
{Heap before GC invocations=2 (full 0):
 garbage-first heap   total 8192K, used 2832K [0x0000000708400000, 0x0000000800000000)
  region size 1024K, 2 young (2048K), 1 survivors (1024K)
 Metaspace       used 10792K, capacity 11004K, committed 11264K, reserved 1060864K
  class space    used 1159K, capacity 1227K, committed 1280K, reserved 1048576K
}
Event: 3.467 GC heap after
{Heap after GC invocations=3 (full 0):
 garbage-first heap   total 8192K, used 2071K [0x0000000708400000, 0x0000000800000000)
  region size 1024K, 1 young (1024K), 1 survivors (1024K)
 Metaspace       used 10792K, capacity 11004K, committed 11264K, reserved 1060864K
  class space    used 1159K, capacity 1227K, committed 1280K, reserved 1048576K
}
Event: 8.601 GC heap before
{Heap before GC invocations=3 (full 0):
 garbage-first heap   total 8192K, used 3095K [0x0000000708400000, 0x0000000800000000)
  region size 1024K, 2 young (2048K), 1 survivors (1024K)
 Metaspace       used 12748K, capacity 12999K, committed 13312K, reserved 1062912K
  class space    used 1376K, capacity 1466K, committed 1536K, reserved 1048576K
}
Event: 8.603 GC heap after
{Heap after GC invocations=4 (full 0):
 garbage-first heap   total 8192K, used 2415K [0x0000000708400000, 0x0000000800000000)
  region size 1024K, 1 young (1024K), 1 survivors (1024K)
 Metaspace       used 12748K, capacity 12999K, committed 13312K, reserved 1062912K
  class space    used 1376K, capacity 1466K, committed 1536K, reserved 1048576K
}

